<?xml version="1.0" encoding="UTF-8"?>
<!-- Generated by org.testng.reporters.JUnitXMLReporter -->
<testsuite ignored="0" hostname="HOME-PC" failures="1" tests="1" name="IncorrectMSOutlookAccountAlertDisplayTest" time="128.145" errors="0" timestamp="2023-09-15T17:46:18 MSK">
  <testcase classname="org.microsoft.MSNOutlook.tests.OutlookPageExistingEmailTests.IncorrectMSOutlookAccountAlertDisplayTest" name="verifyThatNotValidInputMSEmailAccountAlertIsDisplayed" time="127.98">
    <failure type="org.openqa.selenium.TimeoutException" message="Expected condition failed: waiting for element to no longer be visible: By.xpath: //div[@class=&amp;apos;card-body p-4 p-md-5&amp;apos;]//a[@class=&amp;apos;btn btn-primary   &amp;apos;] (tried for 100 second(s) with 500 milliseconds interval)
Build info: version: &amp;apos;4.1.3&amp;apos;, revision: &amp;apos;7b1ebf28ef&amp;apos;
System info: host: &amp;apos;HOME-PC&amp;apos;, ip: &amp;apos;192.168.56.1&amp;apos;, os.name: &amp;apos;Windows 10&amp;apos;, os.arch: &amp;apos;amd64&amp;apos;, os.version: &amp;apos;10.0&amp;apos;, java.version: &amp;apos;11.0.14&amp;apos;
Driver info: org.openqa.selenium.firefox.FirefoxDriver
Capabilities {acceptInsecureCerts: true, browserName: firefox, browserVersion: 118.0, javascriptEnabled: true, moz:accessibilityChecks: false, moz:buildID: 20230912175928, moz:debuggerAddress: 127.0.0.1:51538, moz:geckodriverVersion: 0.33.0, moz:headless: false, moz:platformVersion: 10.0, moz:processID: 7836, moz:profile: C:\Temp\rust_mozprofileYTLG2k, moz:shutdownTimeout: 60000, moz:webdriverClick: true, moz:windowless: false, pageLoadStrategy: normal, platform: WINDOWS, platformName: WINDOWS, proxy: Proxy(), se:cdp: ws://127.0.0.1:51538/devtoo..., se:cdpVersion: 85.0, setWindowRect: true, strictFileInteractability: false, timeouts: {implicit: 0, pageLoad: 300000, script: 30000}, unhandledPromptBehavior: dismiss and notify}
Session ID: 8016970f-5ae8-4793-8ce3-5b42d9279ed3">
      <![CDATA[org.openqa.selenium.TimeoutException: Expected condition failed: waiting for element to no longer be visible: By.xpath: //div[@class='card-body p-4 p-md-5']//a[@class='btn btn-primary   '] (tried for 100 second(s) with 500 milliseconds interval)
Build info: version: '4.1.3', revision: '7b1ebf28ef'
System info: host: 'HOME-PC', ip: '192.168.56.1', os.name: 'Windows 10', os.arch: 'amd64', os.version: '10.0', java.version: '11.0.14'
Driver info: org.openqa.selenium.firefox.FirefoxDriver
Capabilities {acceptInsecureCerts: true, browserName: firefox, browserVersion: 118.0, javascriptEnabled: true, moz:accessibilityChecks: false, moz:buildID: 20230912175928, moz:debuggerAddress: 127.0.0.1:51538, moz:geckodriverVersion: 0.33.0, moz:headless: false, moz:platformVersion: 10.0, moz:processID: 7836, moz:profile: C:\Temp\rust_mozprofileYTLG2k, moz:shutdownTimeout: 60000, moz:webdriverClick: true, moz:windowless: false, pageLoadStrategy: normal, platform: WINDOWS, platformName: WINDOWS, proxy: Proxy(), se:cdp: ws://127.0.0.1:51538/devtoo..., se:cdpVersion: 85.0, setWindowRect: true, strictFileInteractability: false, timeouts: {implicit: 0, pageLoad: 300000, script: 30000}, unhandledPromptBehavior: dismiss and notify}
Session ID: 8016970f-5ae8-4793-8ce3-5b42d9279ed3
at org.openqa.selenium.support.ui.WebDriverWait.timeoutException(WebDriverWait.java:87)
at org.openqa.selenium.support.ui.FluentWait.until(FluentWait.java:231)
at org.microsoft.MSNOutlook.pages.SignInOutlookPage.signInWithIncorrectOutlookEmail(SignInOutlookPage.java:101)
at org.microsoft.MSNOutlook.tests.OutlookPageExistingEmailTests.IncorrectMSOutlookAccountAlertDisplayTest.verifyThatNotValidInputMSEmailAccountAlertIsDisplayed(IncorrectMSOutlookAccountAlertDisplayTest.java:22)
at java.base/java.util.ArrayList.forEach(ArrayList.java:1541)
... Removed 31 stack frames]]>
    </failure>
  </testcase> <!-- verifyThatNotValidInputMSEmailAccountAlertIsDisplayed -->
</testsuite> <!-- IncorrectMSOutlookAccountAlertDisplayTest -->
