<?xml version="1.0" encoding="UTF-8"?>
<!-- Generated by org.testng.reporters.JUnitXMLReporter -->
<testsuite ignored="0" hostname="HOME-PC" failures="1" tests="1" name="SignInMSOutlookLiveAccountViaCorrectEmailTest" time="81.142" errors="0" timestamp="2023-09-16T23:31:19 MSK">
  <testcase classname="org.microsoft.MSNOutlook.tests.OutlookPageExistingEmailTests.SignInMSOutlookLiveAccountViaCorrectEmailTest" name="verifyThatOneCanSignInMSOutlookLiveAccountViaExistingEmail" time="81.043">
    <failure type="org.openqa.selenium.TimeoutException" message="Expected condition failed: waiting for visibility of element located by By.xpath: //input[@name=&amp;apos;loginfmt&amp;apos;] (tried for 50 second(s) with 500 milliseconds interval)
Build info: version: &amp;apos;4.1.3&amp;apos;, revision: &amp;apos;7b1ebf28ef&amp;apos;
System info: host: &amp;apos;HOME-PC&amp;apos;, ip: &amp;apos;192.168.56.1&amp;apos;, os.name: &amp;apos;Windows 10&amp;apos;, os.arch: &amp;apos;amd64&amp;apos;, os.version: &amp;apos;10.0&amp;apos;, java.version: &amp;apos;11.0.14&amp;apos;
Driver info: org.openqa.selenium.firefox.FirefoxDriver
Capabilities {acceptInsecureCerts: true, browserName: firefox, browserVersion: 118.0, javascriptEnabled: true, moz:accessibilityChecks: false, moz:buildID: 20230912175928, moz:debuggerAddress: 127.0.0.1:56193, moz:geckodriverVersion: 0.33.0, moz:headless: false, moz:platformVersion: 10.0, moz:processID: 11616, moz:profile: C:\Temp\rust_mozprofileBrdKpB, moz:shutdownTimeout: 60000, moz:webdriverClick: true, moz:windowless: false, pageLoadStrategy: normal, platform: WINDOWS, platformName: WINDOWS, proxy: Proxy(), se:cdp: ws://127.0.0.1:56193/devtoo..., se:cdpVersion: 85.0, setWindowRect: true, strictFileInteractability: false, timeouts: {implicit: 0, pageLoad: 300000, script: 30000}, unhandledPromptBehavior: dismiss and notify}
Session ID: d76ea630-0a0a-41c4-9885-c0de614c9758">
      <![CDATA[org.openqa.selenium.TimeoutException: Expected condition failed: waiting for visibility of element located by By.xpath: //input[@name='loginfmt'] (tried for 50 second(s) with 500 milliseconds interval)
Build info: version: '4.1.3', revision: '7b1ebf28ef'
System info: host: 'HOME-PC', ip: '192.168.56.1', os.name: 'Windows 10', os.arch: 'amd64', os.version: '10.0', java.version: '11.0.14'
Driver info: org.openqa.selenium.firefox.FirefoxDriver
Capabilities {acceptInsecureCerts: true, browserName: firefox, browserVersion: 118.0, javascriptEnabled: true, moz:accessibilityChecks: false, moz:buildID: 20230912175928, moz:debuggerAddress: 127.0.0.1:56193, moz:geckodriverVersion: 0.33.0, moz:headless: false, moz:platformVersion: 10.0, moz:processID: 11616, moz:profile: C:\Temp\rust_mozprofileBrdKpB, moz:shutdownTimeout: 60000, moz:webdriverClick: true, moz:windowless: false, pageLoadStrategy: normal, platform: WINDOWS, platformName: WINDOWS, proxy: Proxy(), se:cdp: ws://127.0.0.1:56193/devtoo..., se:cdpVersion: 85.0, setWindowRect: true, strictFileInteractability: false, timeouts: {implicit: 0, pageLoad: 300000, script: 30000}, unhandledPromptBehavior: dismiss and notify}
Session ID: d76ea630-0a0a-41c4-9885-c0de614c9758
at org.openqa.selenium.support.ui.WebDriverWait.timeoutException(WebDriverWait.java:87)
at org.openqa.selenium.support.ui.FluentWait.until(FluentWait.java:231)
at org.microsoft.MSNOutlook.pages.SignInOutlookPage.signInWithCorrectOutlookEmail(SignInOutlookPage.java:80)
at org.microsoft.MSNOutlook.tests.OutlookPageExistingEmailTests.SignInMSOutlookLiveAccountViaCorrectEmailTest.verifyThatOneCanSignInMSOutlookLiveAccountViaExistingEmail(SignInMSOutlookLiveAccountViaCorrectEmailTest.java:31)
at java.base/java.util.ArrayList.forEach(ArrayList.java:1541)
... Removed 31 stack frames]]>
    </failure>
  </testcase> <!-- verifyThatOneCanSignInMSOutlookLiveAccountViaExistingEmail -->
</testsuite> <!-- SignInMSOutlookLiveAccountViaCorrectEmailTest -->
