<?xml version="1.0" encoding="UTF-8"?>
<!-- Generated by org.testng.reporters.JUnitXMLReporter -->
<testsuite ignored="0" hostname="HOME-PC" failures="0" tests="1" name="CreatePasswordForNewEmailAccountTest" time="37.749" errors="0" timestamp="2023-09-09T16:18:42 MSK">
  <testcase classname="org.microsoft.MSNOutlook.tests.OutlookPageCreateNewEmailTests.CreatePasswordForNewEmailAccountTest" name="verifyThatOneCanInputPasswordForANewEmailNameCreatedWithOutlookDomain" time="37.719"/>
</testsuite> <!-- CreatePasswordForNewEmailAccountTest -->
