<?xml version="1.0" encoding="UTF-8"?>
<!-- Generated by org.testng.reporters.JUnitXMLReporter -->
<testsuite ignored="0" hostname="HOME-PC" failures="0" tests="1" name="CompletingProfileBirthdayPageWithCountryTest" time="58.889" errors="0" timestamp="2023-09-15T16:23:59 MSK">
  <testcase classname="org.microsoft.MSNOutlook.tests.OutlookPageProfileBirthdayTests.CompletingProfileBirthdayPageWithCountryTest" name="verifyThatOneCanCompleteProfileFormWithCountry" time="58.85"/>
</testsuite> <!-- CompletingProfileBirthdayPageWithCountryTest -->
