<?xml version="1.0" encoding="UTF-8"?>
<!-- Generated by org.testng.reporters.JUnitXMLReporter -->
<testsuite ignored="0" hostname="HOME-PC" failures="0" tests="1" name="EmailInfoCheckBoxInCreateAPasswordPageTest" time="224.74" errors="0" timestamp="2023-09-11T21:32:02 MSK">
  <testcase classname="org.microsoft.MSNOutlook.tests.OutlookPageCreateNewEmailTests.EmailInfoCheckBoxInCreateAPasswordPageTest" name="verifyThatEmailInfoCheckBoxIsAvailable" time="224.661"/>
</testsuite> <!-- EmailInfoCheckBoxInCreateAPasswordPageTest -->
