<?xml version="1.0" encoding="UTF-8"?>
<!-- Generated by org.testng.reporters.JUnitXMLReporter -->
<testsuite ignored="0" hostname="HOME-PC" failures="0" tests="1" name="DisplayedPasswordTextInCreateAPasswordPageTest" time="107.498" errors="0" timestamp="2023-09-11T21:53:24 MSK">
  <testcase classname="org.microsoft.MSNOutlook.tests.OutlookPageCreateNewEmailTests.DisplayedPasswordTextInCreateAPasswordPageTest" name="verifyThatDisplayedPasswordInPlaceholderMatchesTheOneEnteredByUser" time="107.438"/>
</testsuite> <!-- DisplayedPasswordTextInCreateAPasswordPageTest -->
