<?xml version="1.0" encoding="UTF-8"?>
<!-- Generated by org.testng.reporters.JUnitXMLReporter -->
<testsuite ignored="0" hostname="HOME-PC" failures="0" tests="1" name="EmailInfoCheckBoxIsSelectedByDefaultInCreateAPasswordPageTest" time="151.926" errors="0" timestamp="2023-09-11T21:38:55 MSK">
  <testcase classname="org.microsoft.MSNOutlook.tests.OutlookPageCreateNewEmailTests.EmailInfoCheckBoxIsSelectedByDefaultInCreateAPasswordPageTest" name="verifyThatEmailInfoCheckBoxIsSelectedByDefault" time="151.878"/>
</testsuite> <!-- EmailInfoCheckBoxIsSelectedByDefaultInCreateAPasswordPageTest -->
