<?xml version="1.0" encoding="UTF-8"?>
<!-- Generated by org.testng.reporters.JUnitXMLReporter -->
<testsuite ignored="0" hostname="HOME-PC" failures="0" tests="1" name="IncorrectInputEmailAccountAlertTextTest" time="28.704" errors="0" timestamp="2023-09-15T17:15:34 MSK">
  <testcase classname="org.microsoft.MSNOutlook.tests.MicrosoftExistingEmailPageTests.IncorrectInputEmailAccountAlertTextTest" name="verifyAlertTextOfNotValidInputEmailAccount" time="28.669"/>
</testsuite> <!-- IncorrectInputEmailAccountAlertTextTest -->
