<?xml version="1.0" encoding="UTF-8"?>
<!-- Generated by org.testng.reporters.JUnitXMLReporter -->
<testsuite ignored="0" hostname="HOME-PC" failures="0" tests="1" name="BusyEmailCaseWhenCreatingNewEmailWithOutlookTest" time="84.364" errors="0" timestamp="2023-09-10T22:37:34 MSK">
  <testcase classname="org.microsoft.MSNOutlook.tests.OutlookPageCreateNewEmailTests.BusyEmailCaseWhenCreatingNewEmailWithOutlookTest" name="verifyThatTheInputNewEmailNameForCreationWithOutlookDomainIsBusy" time="84.329"/>
</testsuite> <!-- BusyEmailCaseWhenCreatingNewEmailWithOutlookTest -->
