<?xml version="1.0" encoding="UTF-8"?>
<!-- Generated by org.testng.reporters.JUnitXMLReporter -->
<testsuite ignored="0" hostname="HOME-PC" failures="0" tests="1" name="CreateNewEmailNameWithOutlookTest" time="83.339" errors="0" timestamp="2023-09-09T13:14:02 MSK">
  <testcase classname="org.microsoft.MSNOutlook.tests.OutlookPageCreateNewEmailTests.CreateNewEmailNameWithOutlookTest" name="verifyThatOneCanCreateANewEmailNameWithOutlookDomain" time="83.299"/>
</testsuite> <!-- CreateNewEmailNameWithOutlookTest -->
