<?xml version="1.0" encoding="UTF-8"?>
<!-- Generated by org.testng.reporters.JUnitXMLReporter -->
<testsuite ignored="0" hostname="HOME-PC" failures="0" tests="1" name="CompletingProfileBirthdayPageWithYearOfBirthTest" time="96.854" errors="0" timestamp="2023-09-15T16:17:35 MSK">
  <testcase classname="org.microsoft.MSNOutlook.tests.OutlookPageProfileBirthdayTests.CompletingProfileBirthdayPageWithYearOfBirthTest" name="verifyThatOneCanCompleteProfileFormWithYearOfBirth" time="96.819"/>
</testsuite> <!-- CompletingProfileBirthdayPageWithYearOfBirthTest -->
