<?xml version="1.0" encoding="UTF-8"?>
<!-- Generated by org.testng.reporters.JUnitXMLReporter -->
<testsuite ignored="0" hostname="HOME-PC" failures="0" tests="1" name="BusyEmailCaseWhenCreatingNewEmailWithOutlookTest" time="37.419" errors="0" timestamp="2023-09-09T17:46:26 MSK">
  <testcase classname="org.microsoft.MSNOutlook.tests.OutlookPageCreateNewEmailTests.BusyEmailCaseWhenCreatingNewEmailWithOutlookTest" name="verifyThatTheInputNewEmailNameForCreationWithOutlookDomainIsBusy" time="37.394"/>
</testsuite> <!-- BusyEmailCaseWhenCreatingNewEmailWithOutlookTest -->
