<?xml version="1.0" encoding="UTF-8"?>
<!-- Generated by org.testng.reporters.JUnitXMLReporter -->
<testsuite hostname="HOME-PC" ignored="0" name="CreateNewEmailNameWithOutlookTest" tests="1" failures="1" timestamp="2022-04-04T10:17:41 MSK" time="13.716" errors="0">
  <testcase name="verifyThatOneCanCreateANewEmailNameWithOutlookDomain" time="10.371" classname="org.microsoft.MSNOutlook.tests.CreateNewEmailNameWithOutlookTest">
    <failure type="java.lang.AssertionError" message="WebDriver couldn&amp;apos;t get the text attribute of the Element or Created Email Name does not match the one displayed on the top of Password Page">
      <![CDATA[java.lang.AssertionError: WebDriver couldn't get the text attribute of the Element or Created Email Name does not match the one displayed on the top of Password Page
at org.microsoft.MSNOutlook.tests.CreateNewEmailNameWithOutlookTest.verifyThatOneCanCreateANewEmailNameWithOutlookDomain(CreateNewEmailNameWithOutlookTest.java:35)
at java.util.ArrayList.forEach(ArrayList.java:1259)
... Removed 33 stack frames]]>
    </failure>
  </testcase> <!-- verifyThatOneCanCreateANewEmailNameWithOutlookDomain -->
</testsuite> <!-- CreateNewEmailNameWithOutlookTest -->
