<?xml version="1.0" encoding="UTF-8"?>
<!-- Generated by org.testng.reporters.JUnitXMLReporter -->
<testsuite hostname="HOME-PC" ignored="0" name="CreatePasswordForNewEmailAccountTest" tests="1" failures="0" timestamp="2022-04-04T15:29:16 MSK" time="14.434" errors="0">
  <testcase name="verifyThatOneCanInputPasswordForANewEmailNameCreatedWithOutlookDomain" time="11.2" classname="org.microsoft.MSNOutlook.tests.CreatePasswordForNewEmailAccountTest"/>
</testsuite> <!-- CreatePasswordForNewEmailAccountTest -->
